<?xml version="1.0" encoding="UTF-8" ?>
<testsuite tests="7" failures="0" name="nz.ac.massey.sdc.cs.assign1.s14083324.MemAppenderTest" time="0.759" errors="0" skipped="0">
  <properties>
[...]
</properties>
  <testcase classname="nz.ac.massey.sdc.cs.assign1.s14083324.MemAppenderTest" name="MemAppenderSetLevelsTest" time="0.107"/>
  <testcase classname="nz.ac.massey.sdc.cs.assign1.s14083324.MemAppenderTest" name="mvelLayoutToConsoleTest" time="0.555"/>
  <testcase classname="nz.ac.massey.sdc.cs.assign1.s14083324.MemAppenderTest" name="stringFormatLayoutDebugFromMemAppender" time="0.005"/>
  <testcase classname="nz.ac.massey.sdc.cs.assign1.s14083324.MemAppenderTest" name="SingletonMemAppenderTest" time="0"/>
  <testcase classname="nz.ac.massey.sdc.cs.assign1.s14083324.MemAppenderTest" name="mvelLayoutToFileAppenderTest" time="0.043"/>
  <testcase classname="nz.ac.massey.sdc.cs.assign1.s14083324.MemAppenderTest" name="unmodifiableLogEventsListTest" time="0"/>
  <testcase classname="nz.ac.massey.sdc.cs.assign1.s14083324.MemAppenderTest" name="CurrentSizeOfMemAppenderEventsListTest" time="0.049"/>
</testsuite>